C:\WORK\VISUALSTUDIOFILES\NORMALDISTRANDONNUMBERS\NORMALDISTRANDONNUMBERS\DEBUG\NORMALDISTRANDOMNUMBERS.PCH
C:\WORK\VISUALSTUDIOFILES\NORMALDISTRANDONNUMBERS\NORMALDISTRANDONNUMBERS\DEBUG\STDAFX.OBJ
C:\WORK\VISUALSTUDIOFILES\NORMALDISTRANDONNUMBERS\NORMALDISTRANDONNUMBERS\DEBUG\VC110.PDB
C:\WORK\VISUALSTUDIOFILES\NORMALDISTRANDONNUMBERS\NORMALDISTRANDONNUMBERS\DEBUG\NORMALDISTRANDOMNUMBERS.OBJ
C:\WORK\VISUALSTUDIOFILES\NORMALDISTRANDONNUMBERS\DEBUG\NORMALDISTRANDOMNUMBERS.ILK
C:\WORK\VISUALSTUDIOFILES\NORMALDISTRANDONNUMBERS\DEBUG\NORMALDISTRANDOMNUMBERS.EXE
C:\WORK\VISUALSTUDIOFILES\NORMALDISTRANDONNUMBERS\DEBUG\NORMALDISTRANDOMNUMBERS.PDB
C:\work\visualstudiofiles\normalDistRandonNumbers\normalDistRandonNumbers\Debug\normalDistRandomNumbers.obj
C:\work\visualstudiofiles\normalDistRandonNumbers\normalDistRandonNumbers\Debug\stdafx.obj
C:\work\visualstudiofiles\normalDistRandonNumbers\normalDistRandonNumbers\Debug\cl.command.1.tlog
C:\work\visualstudiofiles\normalDistRandonNumbers\normalDistRandonNumbers\Debug\CL.read.1.tlog
C:\work\visualstudiofiles\normalDistRandonNumbers\normalDistRandonNumbers\Debug\CL.write.1.tlog
C:\work\visualstudiofiles\normalDistRandonNumbers\normalDistRandonNumbers\Debug\link-cvtres.read.1.tlog
C:\work\visualstudiofiles\normalDistRandonNumbers\normalDistRandonNumbers\Debug\link-cvtres.write.1.tlog
C:\work\visualstudiofiles\normalDistRandonNumbers\normalDistRandonNumbers\Debug\link-rc.read.1.tlog
C:\work\visualstudiofiles\normalDistRandonNumbers\normalDistRandonNumbers\Debug\link-rc.write.1.tlog
C:\work\visualstudiofiles\normalDistRandonNumbers\normalDistRandonNumbers\Debug\link.command.1.tlog
C:\work\visualstudiofiles\normalDistRandonNumbers\normalDistRandonNumbers\Debug\link.read.1.tlog
C:\work\visualstudiofiles\normalDistRandonNumbers\normalDistRandonNumbers\Debug\link.write.1.tlog
C:\work\visualstudiofiles\normalDistRandonNumbers\normalDistRandonNumbers\Debug\normalDistRandomNumbers.pch
C:\work\visualstudiofiles\normalDistRandonNumbers\normalDistRandonNumbers\Debug\vc110.idb
C:\work\visualstudiofiles\normalDistRandonNumbers\normalDistRandonNumbers\Debug\vc110.pdb
C:\work\visualstudiofiles\normalDistRandonNumbers\Debug\normalDistRandomNumbers.pdb
C:\work\visualstudiofiles\normalDistRandonNumbers\Debug\normalDistRandomNumbers.exe
C:\work\visualstudiofiles\normalDistRandonNumbers\Debug\normalDistRandomNumbers.ilk
